2018-01-06 13:58:56 WARN  [19207] Has rendered already: CustomerInfoController#show
2018-01-06 13:59:01 WARN  [19207] Has rendered already: CustomerInfoController#show
2018-01-06 14:04:44 WARN  [19391] Has rendered already: CustomerInfoController#show
2018-01-06 14:04:50 WARN  [19401] Has rendered already: CustomerInfoController#show
2018-01-06 14:05:03 WARN  [19414] Has rendered already: CustomerInfoController#show
2018-01-06 14:05:06 WARN  [19427] Has rendered already: CustomerInfoController#show
2018-01-06 14:05:15 WARN  [19439] Has rendered already: CustomerInfoController#show
2018-01-06 14:05:19 WARN  [19439] Has rendered already: CustomerInfoController#show
2018-01-06 14:05:27 WARN  [19458] Has rendered already: CustomerInfoController#show
2018-01-07 15:22:27 WARN  [22866] Has rendered already: ServiceInfoController#show
2018-01-07 15:22:40 WARN  [22878] Has rendered already: ServiceInfoController#show
2018-01-07 15:26:25 WARN  [23269] Has rendered already: ServiceInfoController#show
2018-01-09 02:36:51 WARN  [27856] Has rendered already: ServiceInfoController#show
2018-01-09 02:37:01 WARN  [27868] Has rendered already: ServiceInfoController#show
2018-01-09 02:37:01 WARN  [27868] Has rendered already: ServiceInfoController#show
2018-01-09 02:37:07 WARN  [27868] Has rendered already: ServiceInfoController#show
2018-01-09 02:37:07 WARN  [27868] Has rendered already: ServiceInfoController#show
2018-01-09 02:37:13 WARN  [27881] Has rendered already: ServiceInfoController#show
2018-01-09 02:37:19 WARN  [27888] Has rendered already: ServiceInfoController#show
2018-01-09 02:42:11 WARN  [28062] Has rendered already: ServiceInfoController#show
2018-01-09 02:42:13 WARN  [28062] Has rendered already: ServiceInfoController#show
2018-01-09 02:42:35 WARN  [28082] Has rendered already: ServiceInfoController#show
2018-01-09 02:44:36 WARN  [28100] Has rendered already: ServiceInfoController#show
2018-01-09 05:24:49 WARN  [28565] Has rendered already: ServiceInfoController#show
2018-01-09 05:24:51 WARN  [28575] Has rendered already: ServiceInfoController#show
2018-01-09 05:25:59 WARN  [28587] Has rendered already: ServiceInfoController#show
2018-01-09 05:30:51 WARN  [28608] Has rendered already: ServiceInfoController#show
2018-01-09 05:50:55 DEBUG [29746] 1
2018-01-09 05:52:17 DEBUG [29863] 1
2018-01-09 06:02:14 DEBUG [29987] 1
2018-01-09 06:03:10 DEBUG [30137] serviceInfo:1
2018-01-09 06:09:32 DEBUG [30313] serviceInfo:1
2018-01-09 06:09:39 WARN  [30317] Has rendered already: ServiceInfoController#show
2018-01-09 06:13:54 DEBUG [30535] serviceInfo:0
2018-01-09 06:15:25 DEBUG [30686] serviceInfo:0
2018-01-09 06:15:27 DEBUG [30690] serviceInfo:0
2018-01-09 06:23:20 DEBUG [30863] serviceInfo:1
2018-01-09 07:13:46 DEBUG [31123] serviceInfo:0
2018-01-09 07:37:53 DEBUG [31380] serviceInfo:1
2018-01-10 08:27:10 DEBUG [2367] serviceInfo:1
2018-01-10 08:30:08 DEBUG [2526] serviceInfo:0
2018-01-10 09:22:45 WARN  [3952] Has rendered already: ServiceInfoController#create
2018-01-10 09:23:57 WARN  [3958] Has rendered already: ServiceInfoController#create
2018-01-10 09:25:07 WARN  [4091] Has rendered already: ServiceInfoController#create
2018-01-10 09:25:09 WARN  [4096] Has rendered already: ServiceInfoController#create
2018-01-10 09:29:55 DEBUG [4325] renderXml
2018-01-10 09:29:55 ERROR [4325] Error: the request has no body
2018-01-10 09:29:55 WARN  [4325] Has rendered already: ServiceInfoController#create
2018-01-10 09:31:01 DEBUG [4489] renderXml
2018-01-10 09:31:03 DEBUG [4493] renderXml
2018-01-10 09:34:08 DEBUG [4657] renderXml
2018-01-10 09:36:14 DEBUG [4816] renderXml
2018-01-10 09:40:33 DEBUG [4981] renderXml
2018-01-10 09:41:58 DEBUG [4988] renderXml
